<?xml version="1.0" encoding="UTF-8"?>
<testsuites>
  <testsuite name="" tests="37" assertions="73" errors="0" warnings="0" failures="0" skipped="0" time="0.478417">
    <testsuite name="Project Test Suite" tests="37" assertions="73" errors="0" warnings="0" failures="0" skipped="0" time="0.478417">
      <testsuite name="App\Test\Controller\LuckyControllerTwigTest" file="/home/smrkovic/dbwebb_kurser/mvc/me/report/tests/Controller/LuckyControllerTwigTest.php" tests="1" assertions="3" errors="0" warnings="0" failures="0" skipped="0" time="0.237832">
        <testcase name="testLucky" class="App\Test\Controller\LuckyControllerTwigTest" classname="App.Test.Controller.LuckyControllerTwigTest" file="/home/smrkovic/dbwebb_kurser/mvc/me/report/tests/Controller/LuckyControllerTwigTest.php" line="15" assertions="3" time="0.237832"/>
      </testsuite>
      <testsuite name="App\Test\Controller\MainControllerTwigTest" file="/home/smrkovic/dbwebb_kurser/mvc/me/report/tests/Controller/MainControllerTwigTest.php" tests="3" assertions="9" errors="0" warnings="0" failures="0" skipped="0" time="0.043918">
        <testcase name="testHome" class="App\Test\Controller\MainControllerTwigTest" classname="App.Test.Controller.MainControllerTwigTest" file="/home/smrkovic/dbwebb_kurser/mvc/me/report/tests/Controller/MainControllerTwigTest.php" line="15" assertions="3" time="0.013930"/>
        <testcase name="testAbout" class="App\Test\Controller\MainControllerTwigTest" classname="App.Test.Controller.MainControllerTwigTest" file="/home/smrkovic/dbwebb_kurser/mvc/me/report/tests/Controller/MainControllerTwigTest.php" line="30" assertions="3" time="0.011048"/>
        <testcase name="testReport" class="App\Test\Controller\MainControllerTwigTest" classname="App.Test.Controller.MainControllerTwigTest" file="/home/smrkovic/dbwebb_kurser/mvc/me/report/tests/Controller/MainControllerTwigTest.php" line="45" assertions="3" time="0.018940"/>
      </testsuite>
      <testsuite name="App\Test\Controller\MetricsControllerTwigTest" file="/home/smrkovic/dbwebb_kurser/mvc/me/report/tests/Controller/MetricsControllerTwigTest.php" tests="1" assertions="3" errors="0" warnings="0" failures="0" skipped="0" time="0.020427">
        <testcase name="testMetrics" class="App\Test\Controller\MetricsControllerTwigTest" classname="App.Test.Controller.MetricsControllerTwigTest" file="/home/smrkovic/dbwebb_kurser/mvc/me/report/tests/Controller/MetricsControllerTwigTest.php" line="15" assertions="3" time="0.020427"/>
      </testsuite>
      <testsuite name="App\Test\Controller\ProjectControllerTest" file="/home/smrkovic/dbwebb_kurser/mvc/me/report/tests/Controller/ProjectControllerTwigTest.php" tests="7" assertions="19" errors="0" warnings="0" failures="0" skipped="0" time="0.148311">
        <testcase name="testProjectHome" class="App\Test\Controller\ProjectControllerTest" classname="App.Test.Controller.ProjectControllerTest" file="/home/smrkovic/dbwebb_kurser/mvc/me/report/tests/Controller/ProjectControllerTwigTest.php" line="9" assertions="2" time="0.012234"/>
        <testcase name="testProjectAbout" class="App\Test\Controller\ProjectControllerTest" classname="App.Test.Controller.ProjectControllerTest" file="/home/smrkovic/dbwebb_kurser/mvc/me/report/tests/Controller/ProjectControllerTwigTest.php" line="17" assertions="2" time="0.011430"/>
        <testcase name="testProjectDoc" class="App\Test\Controller\ProjectControllerTest" classname="App.Test.Controller.ProjectControllerTest" file="/home/smrkovic/dbwebb_kurser/mvc/me/report/tests/Controller/ProjectControllerTwigTest.php" line="25" assertions="2" time="0.010612"/>
        <testcase name="testProjectInitGet" class="App\Test\Controller\ProjectControllerTest" classname="App.Test.Controller.ProjectControllerTest" file="/home/smrkovic/dbwebb_kurser/mvc/me/report/tests/Controller/ProjectControllerTwigTest.php" line="33" assertions="2" time="0.015497"/>
        <testcase name="testProjectInitPost" class="App\Test\Controller\ProjectControllerTest" classname="App.Test.Controller.ProjectControllerTest" file="/home/smrkovic/dbwebb_kurser/mvc/me/report/tests/Controller/ProjectControllerTwigTest.php" line="41" assertions="2" time="0.015266"/>
        <testcase name="testProjectRestart" class="App\Test\Controller\ProjectControllerTest" classname="App.Test.Controller.ProjectControllerTest" file="/home/smrkovic/dbwebb_kurser/mvc/me/report/tests/Controller/ProjectControllerTwigTest.php" line="48" assertions="2" time="0.010537"/>
        <testcase name="testProjectGameFlow" class="App\Test\Controller\ProjectControllerTest" classname="App.Test.Controller.ProjectControllerTest" file="/home/smrkovic/dbwebb_kurser/mvc/me/report/tests/Controller/ProjectControllerTwigTest.php" line="55" assertions="7" time="0.072734"/>
      </testsuite>
      <testsuite name="App\Test\Controller\QuoteControllerTwigTest" file="/home/smrkovic/dbwebb_kurser/mvc/me/report/tests/Controller/QuoteControllerTwigTest.php" tests="1" assertions="4" errors="0" warnings="0" failures="0" skipped="0" time="0.009965">
        <testcase name="testQuote" class="App\Test\Controller\QuoteControllerTwigTest" classname="App.Test.Controller.QuoteControllerTwigTest" file="/home/smrkovic/dbwebb_kurser/mvc/me/report/tests/Controller/QuoteControllerTwigTest.php" line="15" assertions="4" time="0.009965"/>
      </testsuite>
      <testsuite name="App\Deck\CardGraphicTest" file="/home/smrkovic/dbwebb_kurser/mvc/me/report/tests/Deck/CardGraphicTest.php" tests="1" assertions="2" errors="0" warnings="0" failures="0" skipped="0" time="0.001371">
        <testcase name="testCreateObject" class="App\Deck\CardGraphicTest" classname="App.Deck.CardGraphicTest" file="/home/smrkovic/dbwebb_kurser/mvc/me/report/tests/Deck/CardGraphicTest.php" line="15" assertions="2" time="0.001371"/>
      </testsuite>
      <testsuite name="App\Deck\CardHandTest" file="/home/smrkovic/dbwebb_kurser/mvc/me/report/tests/Deck/CardHandTest.php" tests="4" assertions="8" errors="0" warnings="0" failures="0" skipped="0" time="0.003341">
        <testcase name="testCreateObject" class="App\Deck\CardHandTest" classname="App.Deck.CardHandTest" file="/home/smrkovic/dbwebb_kurser/mvc/me/report/tests/Deck/CardHandTest.php" line="15" assertions="1" time="0.000331"/>
        <testcase name="testAddCards" class="App\Deck\CardHandTest" classname="App.Deck.CardHandTest" file="/home/smrkovic/dbwebb_kurser/mvc/me/report/tests/Deck/CardHandTest.php" line="24" assertions="5" time="0.002231"/>
        <testcase name="testAddCard" class="App\Deck\CardHandTest" classname="App.Deck.CardHandTest" file="/home/smrkovic/dbwebb_kurser/mvc/me/report/tests/Deck/CardHandTest.php" line="42" assertions="1" time="0.000360"/>
        <testcase name="testDraw" class="App\Deck\CardHandTest" classname="App.Deck.CardHandTest" file="/home/smrkovic/dbwebb_kurser/mvc/me/report/tests/Deck/CardHandTest.php" line="53" assertions="1" time="0.000419"/>
      </testsuite>
      <testsuite name="App\Deck\CardTest" file="/home/smrkovic/dbwebb_kurser/mvc/me/report/tests/Deck/CardTest.php" tests="3" assertions="5" errors="0" warnings="0" failures="0" skipped="0" time="0.002061">
        <testcase name="testCreateObject" class="App\Deck\CardTest" classname="App.Deck.CardTest" file="/home/smrkovic/dbwebb_kurser/mvc/me/report/tests/Deck/CardTest.php" line="15" assertions="2" time="0.000284"/>
        <testcase name="testGetAmount" class="App\Deck\CardTest" classname="App.Deck.CardTest" file="/home/smrkovic/dbwebb_kurser/mvc/me/report/tests/Deck/CardTest.php" line="27" assertions="1" time="0.000508"/>
        <testcase name="testDraw" class="App\Deck\CardTest" classname="App.Deck.CardTest" file="/home/smrkovic/dbwebb_kurser/mvc/me/report/tests/Deck/CardTest.php" line="36" assertions="2" time="0.001268"/>
      </testsuite>
      <testsuite name="App\Deck\DeckOfCardsTest" file="/home/smrkovic/dbwebb_kurser/mvc/me/report/tests/Deck/DeckOfCardsTest.php" tests="3" assertions="3" errors="0" warnings="0" failures="0" skipped="0" time="0.003093">
        <testcase name="testCreateObject" class="App\Deck\DeckOfCardsTest" classname="App.Deck.DeckOfCardsTest" file="/home/smrkovic/dbwebb_kurser/mvc/me/report/tests/Deck/DeckOfCardsTest.php" line="15" assertions="1" time="0.000620"/>
        <testcase name="testShowDeck" class="App\Deck\DeckOfCardsTest" classname="App.Deck.DeckOfCardsTest" file="/home/smrkovic/dbwebb_kurser/mvc/me/report/tests/Deck/DeckOfCardsTest.php" line="24" assertions="1" time="0.000327"/>
        <testcase name="testShuffleDeck" class="App\Deck\DeckOfCardsTest" classname="App.Deck.DeckOfCardsTest" file="/home/smrkovic/dbwebb_kurser/mvc/me/report/tests/Deck/DeckOfCardsTest.php" line="35" assertions="1" time="0.002146"/>
      </testsuite>
      <testsuite name="App\Deck\GraphicDeckOfCardsTest" file="/home/smrkovic/dbwebb_kurser/mvc/me/report/tests/Deck/GraphicDeckOfCardsTest.php" tests="3" assertions="7" errors="0" warnings="0" failures="0" skipped="0" time="0.003140">
        <testcase name="testCreateObject" class="App\Deck\GraphicDeckOfCardsTest" classname="App.Deck.GraphicDeckOfCardsTest" file="/home/smrkovic/dbwebb_kurser/mvc/me/report/tests/Deck/GraphicDeckOfCardsTest.php" line="15" assertions="2" time="0.000485"/>
        <testcase name="testShuffleDeck" class="App\Deck\GraphicDeckOfCardsTest" classname="App.Deck.GraphicDeckOfCardsTest" file="/home/smrkovic/dbwebb_kurser/mvc/me/report/tests/Deck/GraphicDeckOfCardsTest.php" line="26" assertions="1" time="0.002188"/>
        <testcase name="testPoints" class="App\Deck\GraphicDeckOfCardsTest" classname="App.Deck.GraphicDeckOfCardsTest" file="/home/smrkovic/dbwebb_kurser/mvc/me/report/tests/Deck/GraphicDeckOfCardsTest.php" line="43" assertions="4" time="0.000468"/>
      </testsuite>
      <testsuite name="App\Entity\LibraryTest" file="/home/smrkovic/dbwebb_kurser/mvc/me/report/tests/Entity/LibraryTest.php" tests="6" assertions="6" errors="0" warnings="0" failures="0" skipped="0" time="0.003320">
        <testcase name="testCreateObject" class="App\Entity\LibraryTest" classname="App.Entity.LibraryTest" file="/home/smrkovic/dbwebb_kurser/mvc/me/report/tests/Entity/LibraryTest.php" line="17" assertions="1" time="0.001222"/>
        <testcase name="testGetId" class="App\Entity\LibraryTest" classname="App.Entity.LibraryTest" file="/home/smrkovic/dbwebb_kurser/mvc/me/report/tests/Entity/LibraryTest.php" line="26" assertions="1" time="0.000445"/>
        <testcase name="testSetTitle" class="App\Entity\LibraryTest" classname="App.Entity.LibraryTest" file="/home/smrkovic/dbwebb_kurser/mvc/me/report/tests/Entity/LibraryTest.php" line="37" assertions="1" time="0.000395"/>
        <testcase name="testSetIsbn" class="App\Entity\LibraryTest" classname="App.Entity.LibraryTest" file="/home/smrkovic/dbwebb_kurser/mvc/me/report/tests/Entity/LibraryTest.php" line="50" assertions="1" time="0.000401"/>
        <testcase name="testSetAuthor" class="App\Entity\LibraryTest" classname="App.Entity.LibraryTest" file="/home/smrkovic/dbwebb_kurser/mvc/me/report/tests/Entity/LibraryTest.php" line="63" assertions="1" time="0.000374"/>
        <testcase name="testSetImage" class="App\Entity\LibraryTest" classname="App.Entity.LibraryTest" file="/home/smrkovic/dbwebb_kurser/mvc/me/report/tests/Entity/LibraryTest.php" line="76" assertions="1" time="0.000482"/>
      </testsuite>
      <testsuite name="App\Entity\ProductTest" file="/home/smrkovic/dbwebb_kurser/mvc/me/report/tests/Entity/ProductTest.php" tests="4" assertions="4" errors="0" warnings="0" failures="0" skipped="0" time="0.001638">
        <testcase name="testCreateObject" class="App\Entity\ProductTest" classname="App.Entity.ProductTest" file="/home/smrkovic/dbwebb_kurser/mvc/me/report/tests/Entity/ProductTest.php" line="17" assertions="1" time="0.000610"/>
        <testcase name="testGetId" class="App\Entity\ProductTest" classname="App.Entity.ProductTest" file="/home/smrkovic/dbwebb_kurser/mvc/me/report/tests/Entity/ProductTest.php" line="26" assertions="1" time="0.000356"/>
        <testcase name="testSetName" class="App\Entity\ProductTest" classname="App.Entity.ProductTest" file="/home/smrkovic/dbwebb_kurser/mvc/me/report/tests/Entity/ProductTest.php" line="37" assertions="1" time="0.000342"/>
        <testcase name="testSetValue" class="App\Entity\ProductTest" classname="App.Entity.ProductTest" file="/home/smrkovic/dbwebb_kurser/mvc/me/report/tests/Entity/ProductTest.php" line="50" assertions="1" time="0.000329"/>
      </testsuite>
    </testsuite>
  </testsuite>
</testsuites>
