<?xml version="1.0" encoding="UTF-8"?>
<testsuites>
  <testsuite name="" tests="25" assertions="38" errors="0" warnings="0" failures="0" skipped="0" time="0.304759">
    <testsuite name="Project Test Suite" tests="25" assertions="38" errors="0" warnings="0" failures="0" skipped="0" time="0.304759">
      <testsuite name="App\Controller\LuckyControllerTwigTest" file="/home/smrkovic/dbwebb_kurser/mvc/me/report/tests/Controller/LuckyControllerTwigTest.php" tests="1" assertions="3" errors="0" warnings="0" failures="0" skipped="0" time="0.283319">
        <testcase name="testLucky" class="App\Controller\LuckyControllerTwigTest" classname="App.Controller.LuckyControllerTwigTest" file="/home/smrkovic/dbwebb_kurser/mvc/me/report/tests/Controller/LuckyControllerTwigTest.php" line="15" assertions="3" time="0.283319"/>
      </testsuite>
      <testsuite name="App\Deck\CardGraphicTest" file="/home/smrkovic/dbwebb_kurser/mvc/me/report/tests/Deck/CardGraphicTest.php" tests="1" assertions="2" errors="0" warnings="0" failures="0" skipped="0" time="0.001761">
        <testcase name="testCreateObject" class="App\Deck\CardGraphicTest" classname="App.Deck.CardGraphicTest" file="/home/smrkovic/dbwebb_kurser/mvc/me/report/tests/Deck/CardGraphicTest.php" line="15" assertions="2" time="0.001761"/>
      </testsuite>
      <testsuite name="App\Deck\CardHandTest" file="/home/smrkovic/dbwebb_kurser/mvc/me/report/tests/Deck/CardHandTest.php" tests="4" assertions="8" errors="0" warnings="0" failures="0" skipped="0" time="0.004875">
        <testcase name="testCreateObject" class="App\Deck\CardHandTest" classname="App.Deck.CardHandTest" file="/home/smrkovic/dbwebb_kurser/mvc/me/report/tests/Deck/CardHandTest.php" line="15" assertions="1" time="0.001556"/>
        <testcase name="testAddCards" class="App\Deck\CardHandTest" classname="App.Deck.CardHandTest" file="/home/smrkovic/dbwebb_kurser/mvc/me/report/tests/Deck/CardHandTest.php" line="24" assertions="5" time="0.002557"/>
        <testcase name="testAddCard" class="App\Deck\CardHandTest" classname="App.Deck.CardHandTest" file="/home/smrkovic/dbwebb_kurser/mvc/me/report/tests/Deck/CardHandTest.php" line="42" assertions="1" time="0.000402"/>
        <testcase name="testDraw" class="App\Deck\CardHandTest" classname="App.Deck.CardHandTest" file="/home/smrkovic/dbwebb_kurser/mvc/me/report/tests/Deck/CardHandTest.php" line="53" assertions="1" time="0.000361"/>
      </testsuite>
      <testsuite name="App\Deck\CardTest" file="/home/smrkovic/dbwebb_kurser/mvc/me/report/tests/Deck/CardTest.php" tests="3" assertions="5" errors="0" warnings="0" failures="0" skipped="0" time="0.002162">
        <testcase name="testCreateObject" class="App\Deck\CardTest" classname="App.Deck.CardTest" file="/home/smrkovic/dbwebb_kurser/mvc/me/report/tests/Deck/CardTest.php" line="15" assertions="2" time="0.000299"/>
        <testcase name="testGetAmount" class="App\Deck\CardTest" classname="App.Deck.CardTest" file="/home/smrkovic/dbwebb_kurser/mvc/me/report/tests/Deck/CardTest.php" line="27" assertions="1" time="0.000417"/>
        <testcase name="testDraw" class="App\Deck\CardTest" classname="App.Deck.CardTest" file="/home/smrkovic/dbwebb_kurser/mvc/me/report/tests/Deck/CardTest.php" line="36" assertions="2" time="0.001446"/>
      </testsuite>
      <testsuite name="App\Deck\DeckOfCardsTest" file="/home/smrkovic/dbwebb_kurser/mvc/me/report/tests/Deck/DeckOfCardsTest.php" tests="3" assertions="3" errors="0" warnings="0" failures="0" skipped="0" time="0.003897">
        <testcase name="testCreateObject" class="App\Deck\DeckOfCardsTest" classname="App.Deck.DeckOfCardsTest" file="/home/smrkovic/dbwebb_kurser/mvc/me/report/tests/Deck/DeckOfCardsTest.php" line="15" assertions="1" time="0.000687"/>
        <testcase name="testShowDeck" class="App\Deck\DeckOfCardsTest" classname="App.Deck.DeckOfCardsTest" file="/home/smrkovic/dbwebb_kurser/mvc/me/report/tests/Deck/DeckOfCardsTest.php" line="24" assertions="1" time="0.000350"/>
        <testcase name="testShuffleDeck" class="App\Deck\DeckOfCardsTest" classname="App.Deck.DeckOfCardsTest" file="/home/smrkovic/dbwebb_kurser/mvc/me/report/tests/Deck/DeckOfCardsTest.php" line="35" assertions="1" time="0.002861"/>
      </testsuite>
      <testsuite name="App\Deck\GraphicDeckOfCardsTest" file="/home/smrkovic/dbwebb_kurser/mvc/me/report/tests/Deck/GraphicDeckOfCardsTest.php" tests="3" assertions="7" errors="0" warnings="0" failures="0" skipped="0" time="0.004282">
        <testcase name="testCreateObject" class="App\Deck\GraphicDeckOfCardsTest" classname="App.Deck.GraphicDeckOfCardsTest" file="/home/smrkovic/dbwebb_kurser/mvc/me/report/tests/Deck/GraphicDeckOfCardsTest.php" line="15" assertions="2" time="0.000799"/>
        <testcase name="testShuffleDeck" class="App\Deck\GraphicDeckOfCardsTest" classname="App.Deck.GraphicDeckOfCardsTest" file="/home/smrkovic/dbwebb_kurser/mvc/me/report/tests/Deck/GraphicDeckOfCardsTest.php" line="26" assertions="1" time="0.003036"/>
        <testcase name="testPoints" class="App\Deck\GraphicDeckOfCardsTest" classname="App.Deck.GraphicDeckOfCardsTest" file="/home/smrkovic/dbwebb_kurser/mvc/me/report/tests/Deck/GraphicDeckOfCardsTest.php" line="43" assertions="4" time="0.000447"/>
      </testsuite>
      <testsuite name="App\Entity\LibraryTest" file="/home/smrkovic/dbwebb_kurser/mvc/me/report/tests/Entity/LibraryTest.php" tests="6" assertions="6" errors="0" warnings="0" failures="0" skipped="0" time="0.002540">
        <testcase name="testCreateObject" class="App\Entity\LibraryTest" classname="App.Entity.LibraryTest" file="/home/smrkovic/dbwebb_kurser/mvc/me/report/tests/Entity/LibraryTest.php" line="17" assertions="1" time="0.000696"/>
        <testcase name="testGetId" class="App\Entity\LibraryTest" classname="App.Entity.LibraryTest" file="/home/smrkovic/dbwebb_kurser/mvc/me/report/tests/Entity/LibraryTest.php" line="26" assertions="1" time="0.000402"/>
        <testcase name="testSetTitle" class="App\Entity\LibraryTest" classname="App.Entity.LibraryTest" file="/home/smrkovic/dbwebb_kurser/mvc/me/report/tests/Entity/LibraryTest.php" line="37" assertions="1" time="0.000364"/>
        <testcase name="testSetIsbn" class="App\Entity\LibraryTest" classname="App.Entity.LibraryTest" file="/home/smrkovic/dbwebb_kurser/mvc/me/report/tests/Entity/LibraryTest.php" line="50" assertions="1" time="0.000345"/>
        <testcase name="testSetAuthor" class="App\Entity\LibraryTest" classname="App.Entity.LibraryTest" file="/home/smrkovic/dbwebb_kurser/mvc/me/report/tests/Entity/LibraryTest.php" line="63" assertions="1" time="0.000380"/>
        <testcase name="testSetImage" class="App\Entity\LibraryTest" classname="App.Entity.LibraryTest" file="/home/smrkovic/dbwebb_kurser/mvc/me/report/tests/Entity/LibraryTest.php" line="76" assertions="1" time="0.000353"/>
      </testsuite>
      <testsuite name="App\Entity\ProductTest" file="/home/smrkovic/dbwebb_kurser/mvc/me/report/tests/Entity/ProductTest.php" tests="4" assertions="4" errors="0" warnings="0" failures="0" skipped="0" time="0.001922">
        <testcase name="testCreateObject" class="App\Entity\ProductTest" classname="App.Entity.ProductTest" file="/home/smrkovic/dbwebb_kurser/mvc/me/report/tests/Entity/ProductTest.php" line="17" assertions="1" time="0.000733"/>
        <testcase name="testGetId" class="App\Entity\ProductTest" classname="App.Entity.ProductTest" file="/home/smrkovic/dbwebb_kurser/mvc/me/report/tests/Entity/ProductTest.php" line="26" assertions="1" time="0.000423"/>
        <testcase name="testSetName" class="App\Entity\ProductTest" classname="App.Entity.ProductTest" file="/home/smrkovic/dbwebb_kurser/mvc/me/report/tests/Entity/ProductTest.php" line="37" assertions="1" time="0.000356"/>
        <testcase name="testSetValue" class="App\Entity\ProductTest" classname="App.Entity.ProductTest" file="/home/smrkovic/dbwebb_kurser/mvc/me/report/tests/Entity/ProductTest.php" line="50" assertions="1" time="0.000409"/>
      </testsuite>
    </testsuite>
  </testsuite>
</testsuites>
