<?xml version="1.0" encoding="UTF-8"?>
<testsuites>
  <testsuite name="" tests="1" assertions="3" errors="0" warnings="0" failures="0" skipped="0" time="0.292413">
    <testsuite name="Project Test Suite" tests="1" assertions="3" errors="0" warnings="0" failures="0" skipped="0" time="0.292413">
      <testsuite name="App\Tests\Controller\LuckyControllerTwigTest" file="/home/smrkovic/dbwebb_kurser/mvc/me/report/tests/Controller/LuckyControllerTwigTest.php" tests="1" assertions="3" errors="0" warnings="0" failures="0" skipped="0" time="0.292413">
        <testcase name="testLucky" class="App\Tests\Controller\LuckyControllerTwigTest" classname="App.Tests.Controller.LuckyControllerTwigTest" file="/home/smrkovic/dbwebb_kurser/mvc/me/report/tests/Controller/LuckyControllerTwigTest.php" line="10" assertions="3" time="0.292413"/>
      </testsuite>
    </testsuite>
  </testsuite>
</testsuites>
